<?xml version="1.0" encoding="UTF-8"?>
<coverage generated="1665768536094" clover="3.2.0">
  <project timestamp="1665768536094" name="All files">
    <metrics statements="41" coveredstatements="40" conditionals="19" coveredconditionals="18" methods="13" coveredmethods="13" elements="73" coveredelements="71" complexity="0" loc="41" ncloc="41" packages="3" files="5" classes="5"/>
    <package name="testing-example">
      <metrics statements="11" coveredstatements="11" conditionals="0" coveredconditionals="0" methods="5" coveredmethods="5"/>
      <file name="App.js" path="/Users/rwilby/Documents/workspaces/dhsh/testing-example/App.js">
        <metrics statements="11" coveredstatements="11" conditionals="0" coveredconditionals="0" methods="5" coveredmethods="5"/>
        <line num="9" count="1" type="stmt"/>
        <line num="10" count="7" type="stmt"/>
        <line num="11" count="7" type="stmt"/>
        <line num="12" count="7" type="stmt"/>
        <line num="14" count="7" type="stmt"/>
        <line num="15" count="5" type="stmt"/>
        <line num="21" count="7" type="stmt"/>
        <line num="25" count="1" type="stmt"/>
        <line num="31" count="2" type="stmt"/>
        <line num="35" count="1" type="stmt"/>
        <line num="44" count="1" type="stmt"/>
      </file>
    </package>
    <package name="testing-example.components">
      <metrics statements="17" coveredstatements="17" conditionals="8" coveredconditionals="8" methods="6" coveredmethods="6"/>
      <file name="InputVariable.js" path="/Users/rwilby/Documents/workspaces/dhsh/testing-example/components/InputVariable.js">
        <metrics statements="5" coveredstatements="5" conditionals="2" coveredconditionals="2" methods="2" coveredmethods="2"/>
        <line num="12" count="2" type="stmt"/>
        <line num="13" count="15" type="stmt"/>
        <line num="18" count="6" type="cond" truecount="2" falsecount="0"/>
        <line num="19" count="3" type="stmt"/>
        <line num="31" count="2" type="stmt"/>
      </file>
      <file name="Operators.js" path="/Users/rwilby/Documents/workspaces/dhsh/testing-example/components/Operators.js">
        <metrics statements="12" coveredstatements="12" conditionals="6" coveredconditionals="6" methods="4" coveredmethods="4"/>
        <line num="12" count="2" type="stmt"/>
        <line num="13" count="32" type="cond" truecount="4" falsecount="0"/>
        <line num="15" count="8" type="stmt"/>
        <line num="17" count="8" type="stmt"/>
        <line num="19" count="8" type="stmt"/>
        <line num="21" count="8" type="stmt"/>
        <line num="33" count="2" type="stmt"/>
        <line num="34" count="32" type="stmt"/>
        <line num="42" count="3" type="stmt"/>
        <line num="56" count="2" type="stmt"/>
        <line num="57" count="8" type="stmt"/>
        <line num="83" count="2" type="stmt"/>
      </file>
    </package>
    <package name="testing-example.helper">
      <metrics statements="13" coveredstatements="12" conditionals="11" coveredconditionals="10" methods="2" coveredmethods="2"/>
      <file name="operators.js" path="/Users/rwilby/Documents/workspaces/dhsh/testing-example/helper/operators.js">
        <metrics statements="9" coveredstatements="9" conditionals="9" coveredconditionals="9" methods="1" coveredmethods="1"/>
        <line num="12" count="2" type="stmt"/>
        <line num="13" count="12" type="cond" truecount="4" falsecount="0"/>
        <line num="14" count="6" type="cond" truecount="5" falsecount="0"/>
        <line num="16" count="2" type="stmt"/>
        <line num="18" count="1" type="stmt"/>
        <line num="20" count="1" type="stmt"/>
        <line num="22" count="1" type="stmt"/>
        <line num="24" count="1" type="stmt"/>
        <line num="27" count="6" type="stmt"/>
      </file>
      <file name="variables.js" path="/Users/rwilby/Documents/workspaces/dhsh/testing-example/helper/variables.js">
        <metrics statements="4" coveredstatements="3" conditionals="2" coveredconditionals="1" methods="1" coveredmethods="1"/>
        <line num="9" count="3" type="stmt"/>
        <line num="10" count="14" type="cond" truecount="1" falsecount="1"/>
        <line num="11" count="0" type="stmt"/>
        <line num="13" count="14" type="stmt"/>
      </file>
    </package>
  </project>
</coverage>
