{"/Users/rwilby/Documents/workspaces/DHSH/Testing-Example/App.js": {"path":"/Users/rwilby/Documents/workspaces/DHSH/Testing-Example/App.js","statementMap":{"0":{"start":{"line":9,"column":12},"end":{"line":42,"column":1}},"1":{"start":{"line":10,"column":36},"end":{"line":10,"column":64}},"2":{"start":{"line":11,"column":34},"end":{"line":11,"column":49}},"3":{"start":{"line":12,"column":30},"end":{"line":12,"column":43}},"4":{"start":{"line":14,"column":2},"end":{"line":19,"column":28}},"5":{"start":{"line":15,"column":4},"end":{"line":18,"column":6}},"6":{"start":{"line":21,"column":2},"end":{"line":41,"column":4}},"7":{"start":{"line":25,"column":10},"end":{"line":25,"column":53}},"8":{"start":{"line":31,"column":39},"end":{"line":31,"column":60}},"9":{"start":{"line":35,"column":10},"end":{"line":35,"column":53}},"10":{"start":{"line":44,"column":15},"end":{"line":51,"column":2}}},"fnMap":{"0":{"name":"(anonymous_0)","decl":{"start":{"line":9,"column":12},"end":{"line":9,"column":13}},"loc":{"start":{"line":9,"column":18},"end":{"line":42,"column":1}},"line":9},"1":{"name":"(anonymous_1)","decl":{"start":{"line":14,"column":12},"end":{"line":14,"column":13}},"loc":{"start":{"line":14,"column":18},"end":{"line":19,"column":3}},"line":14},"2":{"name":"(anonymous_2)","decl":{"start":{"line":24,"column":25},"end":{"line":24,"column":26}},"loc":{"start":{"line":25,"column":10},"end":{"line":25,"column":53}},"line":25},"3":{"name":"(anonymous_3)","decl":{"start":{"line":31,"column":21},"end":{"line":31,"column":22}},"loc":{"start":{"line":31,"column":39},"end":{"line":31,"column":60}},"line":31},"4":{"name":"(anonymous_4)","decl":{"start":{"line":34,"column":25},"end":{"line":34,"column":26}},"loc":{"start":{"line":35,"column":10},"end":{"line":35,"column":53}},"line":35}},"branchMap":{},"s":{"0":1,"1":7,"2":7,"3":7,"4":7,"5":5,"6":7,"7":1,"8":2,"9":1,"10":1},"f":{"0":7,"1":5,"2":1,"3":2,"4":1},"b":{},"_coverageSchema":"1a1c01bbd47fc00a2c39e90264f33305004495a9","hash":"d73cc7abf3e3005f48b0361601af1159ed21c366"}
,"/Users/rwilby/Documents/workspaces/DHSH/Testing-Example/components/InputVariable.js": {"path":"/Users/rwilby/Documents/workspaces/DHSH/Testing-Example/components/InputVariable.js","statementMap":{"0":{"start":{"line":12,"column":22},"end":{"line":29,"column":1}},"1":{"start":{"line":13,"column":2},"end":{"line":28,"column":4}},"2":{"start":{"line":18,"column":10},"end":{"line":20,"column":11}},"3":{"start":{"line":19,"column":12},"end":{"line":19,"column":60}},"4":{"start":{"line":31,"column":15},"end":{"line":49,"column":2}}},"fnMap":{"0":{"name":"(anonymous_0)","decl":{"start":{"line":12,"column":22},"end":{"line":12,"column":23}},"loc":{"start":{"line":12,"column":47},"end":{"line":29,"column":1}},"line":12},"1":{"name":"(anonymous_1)","decl":{"start":{"line":17,"column":25},"end":{"line":17,"column":26}},"loc":{"start":{"line":17,"column":56},"end":{"line":21,"column":9}},"line":17}},"branchMap":{"0":{"loc":{"start":{"line":18,"column":10},"end":{"line":20,"column":11}},"type":"if","locations":[{"start":{"line":18,"column":10},"end":{"line":20,"column":11}},{"start":{},"end":{}}],"line":18}},"s":{"0":2,"1":15,"2":6,"3":3,"4":2},"f":{"0":15,"1":6},"b":{"0":[3,3]},"_coverageSchema":"1a1c01bbd47fc00a2c39e90264f33305004495a9","hash":"628fa888856a47fd0c627a6c86c79203984a5cd7"}
,"/Users/rwilby/Documents/workspaces/DHSH/Testing-Example/components/Operators.js": {"path":"/Users/rwilby/Documents/workspaces/DHSH/Testing-Example/components/Operators.js","statementMap":{"0":{"start":{"line":12,"column":23},"end":{"line":23,"column":1}},"1":{"start":{"line":13,"column":2},"end":{"line":22,"column":3}},"2":{"start":{"line":15,"column":6},"end":{"line":15,"column":17}},"3":{"start":{"line":17,"column":6},"end":{"line":17,"column":17}},"4":{"start":{"line":19,"column":6},"end":{"line":19,"column":17}},"5":{"start":{"line":21,"column":6},"end":{"line":21,"column":17}},"6":{"start":{"line":33,"column":17},"end":{"line":47,"column":1}},"7":{"start":{"line":34,"column":2},"end":{"line":46,"column":4}},"8":{"start":{"line":42,"column":21},"end":{"line":42,"column":46}},"9":{"start":{"line":56,"column":18},"end":{"line":81,"column":1}},"10":{"start":{"line":57,"column":2},"end":{"line":80,"column":4}},"11":{"start":{"line":83,"column":15},"end":{"line":105,"column":2}}},"fnMap":{"0":{"name":"(anonymous_0)","decl":{"start":{"line":12,"column":23},"end":{"line":12,"column":24}},"loc":{"start":{"line":12,"column":41},"end":{"line":23,"column":1}},"line":12},"1":{"name":"(anonymous_1)","decl":{"start":{"line":33,"column":17},"end":{"line":33,"column":18}},"loc":{"start":{"line":33,"column":60},"end":{"line":47,"column":1}},"line":33},"2":{"name":"(anonymous_2)","decl":{"start":{"line":42,"column":15},"end":{"line":42,"column":16}},"loc":{"start":{"line":42,"column":21},"end":{"line":42,"column":46}},"line":42},"3":{"name":"(anonymous_3)","decl":{"start":{"line":56,"column":18},"end":{"line":56,"column":19}},"loc":{"start":{"line":56,"column":49},"end":{"line":81,"column":1}},"line":56}},"branchMap":{"0":{"loc":{"start":{"line":13,"column":2},"end":{"line":22,"column":3}},"type":"switch","locations":[{"start":{"line":14,"column":4},"end":{"line":15,"column":17}},{"start":{"line":16,"column":4},"end":{"line":17,"column":17}},{"start":{"line":18,"column":4},"end":{"line":19,"column":17}},{"start":{"line":20,"column":4},"end":{"line":21,"column":17}}],"line":13},"1":{"loc":{"start":{"line":38,"column":8},"end":{"line":40,"column":39}},"type":"cond-expr","locations":[{"start":{"line":39,"column":12},"end":{"line":39,"column":42}},{"start":{"line":40,"column":12},"end":{"line":40,"column":39}}],"line":38}},"s":{"0":2,"1":32,"2":8,"3":8,"4":8,"5":8,"6":2,"7":32,"8":3,"9":2,"10":8,"11":2},"f":{"0":32,"1":32,"2":3,"3":8},"b":{"0":[8,8,8,8],"1":[8,24]},"_coverageSchema":"1a1c01bbd47fc00a2c39e90264f33305004495a9","hash":"f7cb7a7f5998ae9efe3b142dab6127fd553070dc"}
,"/Users/rwilby/Documents/workspaces/DHSH/Testing-Example/helper/operators.js": {"path":"/Users/rwilby/Documents/workspaces/DHSH/Testing-Example/helper/operators.js","statementMap":{"0":{"start":{"line":12,"column":18},"end":{"line":29,"column":1}},"1":{"start":{"line":13,"column":2},"end":{"line":28,"column":3}},"2":{"start":{"line":14,"column":4},"end":{"line":25,"column":5}},"3":{"start":{"line":16,"column":8},"end":{"line":16,"column":21}},"4":{"start":{"line":18,"column":8},"end":{"line":18,"column":21}},"5":{"start":{"line":20,"column":8},"end":{"line":20,"column":21}},"6":{"start":{"line":22,"column":8},"end":{"line":22,"column":21}},"7":{"start":{"line":24,"column":8},"end":{"line":24,"column":19}},"8":{"start":{"line":27,"column":4},"end":{"line":27,"column":15}}},"fnMap":{"0":{"name":"(anonymous_0)","decl":{"start":{"line":12,"column":18},"end":{"line":12,"column":19}},"loc":{"start":{"line":12,"column":42},"end":{"line":29,"column":1}},"line":12}},"branchMap":{"0":{"loc":{"start":{"line":13,"column":2},"end":{"line":28,"column":3}},"type":"if","locations":[{"start":{"line":13,"column":2},"end":{"line":28,"column":3}},{"start":{"line":26,"column":9},"end":{"line":28,"column":3}}],"line":13},"1":{"loc":{"start":{"line":13,"column":6},"end":{"line":13,"column":28}},"type":"binary-expr","locations":[{"start":{"line":13,"column":6},"end":{"line":13,"column":15}},{"start":{"line":13,"column":19},"end":{"line":13,"column":28}}],"line":13},"2":{"loc":{"start":{"line":14,"column":4},"end":{"line":25,"column":5}},"type":"switch","locations":[{"start":{"line":15,"column":6},"end":{"line":16,"column":21}},{"start":{"line":17,"column":6},"end":{"line":18,"column":21}},{"start":{"line":19,"column":6},"end":{"line":20,"column":21}},{"start":{"line":21,"column":6},"end":{"line":22,"column":21}},{"start":{"line":23,"column":6},"end":{"line":24,"column":19}}],"line":14}},"s":{"0":2,"1":12,"2":6,"3":2,"4":1,"5":1,"6":1,"7":1,"8":6},"f":{"0":12},"b":{"0":[6,6],"1":[12,8],"2":[2,1,1,1,1]},"_coverageSchema":"1a1c01bbd47fc00a2c39e90264f33305004495a9","hash":"365f6de4af04fd7c7e0b1902ab8e966a65723368"}
,"/Users/rwilby/Documents/workspaces/DHSH/Testing-Example/helper/variables.js": {"path":"/Users/rwilby/Documents/workspaces/DHSH/Testing-Example/helper/variables.js","statementMap":{"0":{"start":{"line":9,"column":18},"end":{"line":14,"column":1}},"1":{"start":{"line":10,"column":2},"end":{"line":12,"column":3}},"2":{"start":{"line":11,"column":4},"end":{"line":11,"column":17}},"3":{"start":{"line":13,"column":2},"end":{"line":13,"column":34}}},"fnMap":{"0":{"name":"(anonymous_0)","decl":{"start":{"line":9,"column":18},"end":{"line":9,"column":19}},"loc":{"start":{"line":9,"column":32},"end":{"line":14,"column":1}},"line":9}},"branchMap":{"0":{"loc":{"start":{"line":10,"column":2},"end":{"line":12,"column":3}},"type":"if","locations":[{"start":{"line":10,"column":2},"end":{"line":12,"column":3}},{"start":{},"end":{}}],"line":10}},"s":{"0":3,"1":14,"2":0,"3":14},"f":{"0":14},"b":{"0":[0,14]},"_coverageSchema":"1a1c01bbd47fc00a2c39e90264f33305004495a9","hash":"c04f057b1736942076493e4790dfaa4ef57dd84e"}
}
