TN:
SF:App.js
FN:9,(anonymous_0)
FN:14,(anonymous_1)
FN:24,(anonymous_2)
FN:31,(anonymous_3)
FN:34,(anonymous_4)
FNF:5
FNH:5
FNDA:7,(anonymous_0)
FNDA:5,(anonymous_1)
FNDA:1,(anonymous_2)
FNDA:2,(anonymous_3)
FNDA:1,(anonymous_4)
DA:9,1
DA:10,7
DA:11,7
DA:12,7
DA:14,7
DA:15,5
DA:21,7
DA:25,1
DA:31,2
DA:35,1
DA:44,1
LF:11
LH:11
BRF:0
BRH:0
end_of_record
TN:
SF:components/InputVariable.js
FN:12,(anonymous_0)
FN:17,(anonymous_1)
FNF:2
FNH:2
FNDA:15,(anonymous_0)
FNDA:6,(anonymous_1)
DA:12,2
DA:13,15
DA:18,6
DA:19,3
DA:31,2
LF:5
LH:5
BRDA:18,0,0,3
BRDA:18,0,1,3
BRF:2
BRH:2
end_of_record
TN:
SF:components/Operators.js
FN:12,(anonymous_0)
FN:33,(anonymous_1)
FN:42,(anonymous_2)
FN:56,(anonymous_3)
FNF:4
FNH:4
FNDA:32,(anonymous_0)
FNDA:32,(anonymous_1)
FNDA:3,(anonymous_2)
FNDA:8,(anonymous_3)
DA:12,2
DA:13,32
DA:15,8
DA:17,8
DA:19,8
DA:21,8
DA:33,2
DA:34,32
DA:42,3
DA:56,2
DA:57,8
DA:83,2
LF:12
LH:12
BRDA:13,0,0,8
BRDA:13,0,1,8
BRDA:13,0,2,8
BRDA:13,0,3,8
BRDA:38,1,0,8
BRDA:38,1,1,24
BRF:6
BRH:6
end_of_record
TN:
SF:helper/operators.js
FN:12,(anonymous_0)
FNF:1
FNH:1
FNDA:12,(anonymous_0)
DA:12,2
DA:13,12
DA:14,6
DA:16,2
DA:18,1
DA:20,1
DA:22,1
DA:24,1
DA:27,6
LF:9
LH:9
BRDA:13,0,0,6
BRDA:13,0,1,6
BRDA:13,1,0,12
BRDA:13,1,1,8
BRDA:14,2,0,2
BRDA:14,2,1,1
BRDA:14,2,2,1
BRDA:14,2,3,1
BRDA:14,2,4,1
BRF:9
BRH:9
end_of_record
TN:
SF:helper/variables.js
FN:9,(anonymous_0)
FNF:1
FNH:1
FNDA:14,(anonymous_0)
DA:9,3
DA:10,14
DA:11,0
DA:13,14
LF:4
LH:3
BRDA:10,0,0,0
BRDA:10,0,1,14
BRF:2
BRH:1
end_of_record
